#
# There is insufficient memory for the Java Runtime Environment to continue.
# Native memory allocation (malloc) failed to allocate 1048576 bytes. Error detail: AllocateHeap
# Possible reasons:
#   The system is out of physical RAM or swap space
#   This process is running with CompressedOops enabled, and the Java Heap may be blocking the growth of the native heap
# Possible solutions:
#   Reduce memory load on the system
#   Increase physical memory or swap space
#   Check if swap backing store is full
#   Decrease Java heap size (-Xmx/-Xms)
#   Decrease number of Java threads
#   Decrease Java thread stack sizes (-Xss)
#   Set larger code cache with -XX:ReservedCodeCacheSize=
#   JVM is running with Zero Based Compressed Oops mode in which the Java heap is
#     placed in the first 32GB address space. The Java Heap base address is the
#     maximum limit for the native heap growth. Please use -XX:HeapBaseMinAddress
#     to set the Java Heap base and to place the Java Heap above 32GB virtual address.
# This output file may be truncated or incomplete.
#
#  Out of Memory Error (allocation.cpp:44), pid=62648, tid=142720
#
# JRE version:  (17.0.11+1) (build )
# Java VM: OpenJDK 64-Bit Server VM (17.0.11+1-b1207.24, mixed mode, sharing, tiered, compressed oops, compressed class ptrs, g1 gc, windows-amd64)
# No core dump will be written. Minidumps are not enabled by default on client versions of Windows
#

---------------  S U M M A R Y ------------

Command Line: git4idea.http.GitAskPassApp Username for 'https://github.com': 

Host: Intel(R) Core(TM) i5-10300H CPU @ 2.50GHz, 8 cores, 15G,  Windows 11 , 64 bit Build 26100 (10.0.26100.2161)
Time: Fri Nov 22 10:44:59 2024 SE Asia Standard Time elapsed time: 1.029083 seconds (0d 0h 0m 1s)

---------------  T H R E A D  ---------------

Current thread (0x00000127c0111180):  JavaThread "Unknown thread" [_thread_in_vm, id=142720, stack(0x00000020b8800000,0x00000020b8900000)]

Stack: [0x00000020b8800000,0x00000020b8900000]
Native frames: (J=compiled Java code, j=interpreted, Vv=VM code, C=native code)
V  [jvm.dll+0x6877f9]
V  [jvm.dll+0x8411aa]
V  [jvm.dll+0x842e2e]
V  [jvm.dll+0x843493]
V  [jvm.dll+0x249fdf]
V  [jvm.dll+0xa6cc3]
V  [jvm.dll+0x2e9c27]
V  [jvm.dll+0x2e18bb]
V  [jvm.dll+0x811c71]
V  [jvm.dll+0x36f7c8]
V  [jvm.dll+0x7f05f6]
V  [jvm.dll+0x3f398f]
V  [jvm.dll+0x3f5541]
C  [jli.dll+0x528f]
C  [ucrtbase.dll+0x14ea0]
C  [KERNEL32.DLL+0x2dbe7]
C  [ntdll.dll+0xdfbec]


---------------  P R O C E S S  ---------------

Threads class SMR info:
_java_thread_list=0x00007ff8c7d6efd8, length=0, elements={
}

Java Threads: ( => current thread )

Other Threads:
  0x00000127c017c580 GCTaskThread "GC Thread#0" [stack: 0x00000020b8900000,0x00000020b8a00000] [id=29748]

[error occurred during error reporting (printing all threads), id 0xc0000005, EXCEPTION_ACCESS_VIOLATION (0xc0000005) at pc=0x00007ff8c751eb70]

VM state: not at safepoint (not fully initialized)

VM Mutex/Monitor currently owned by a thread:  ([mutex/lock_event])
[0x00000127c0108ef0] Heap_lock - owner thread: 0x00000127c0111180

Heap address: 0x0000000702800000, size: 4056 MB, Compressed Oops mode: Zero based, Oop shift amount: 3

CDS archive(s) mapped at: [0x0000000000000000-0x0000000000000000-0x0000000000000000), size 0, SharedBaseAddress: 0x0000000800000000, ArchiveRelocationMode: 1.
Narrow klass base: 0x0000000000000000, Narrow klass shift: 0, Narrow klass range: 0x0

GC Precious Log:
<Empty>

Heap:
 garbage-first heap   total 0K, used 0K [0x0000000702800000, 0x0000000800000000)
  region size 2048K, 0 young (0K), 0 survivors (0K)
 Metaspace       used 0K, committed 0K, reserved 0K
  class space    used 0K, committed 0K, reserved 0K

Heap Regions: E=young(eden), S=young(survivor), O=old, HS=humongous(starts), HC=humongous(continues), CS=collection set, F=free, OA=open archive, CA=closed archive, TAMS=top-at-mark-start (previous, next)

Card table byte_map: [0x00000127d33b0000,0x00000127d3ba0000] _byte_map_base: 0x00000127cfb9c000

GC Heap History (0 events):
No events

Dll operation events (1 events):
Event: 0.011 Loaded shared library D:\App\JetBrains\IntelliJ IDEA 2024.1\jbr\bin\java.dll

Deoptimization events (0 events):
No events

Classes unloaded (0 events):
No events

Classes redefined (0 events):
No events

Internal exceptions (0 events):
No events

VM Operations (0 events):
No events

Events (0 events):
No events


Dynamic libraries:
0x00007ff7a0dc0000 - 0x00007ff7a0dca000 	D:\App\JetBrains\IntelliJ IDEA 2024.1\jbr\bin\java.exe
0x00007ff964900000 - 0x00007ff964b63000 	C:\WINDOWS\SYSTEM32\ntdll.dll
0x00007ff963e40000 - 0x00007ff963f08000 	C:\WINDOWS\System32\KERNEL32.DLL
0x00007ff961cf0000 - 0x00007ff9620a1000 	C:\WINDOWS\System32\KERNELBASE.dll
0x00007ff962330000 - 0x00007ff96247b000 	C:\WINDOWS\System32\ucrtbase.dll
0x00007ff94e410000 - 0x00007ff94e427000 	D:\App\JetBrains\IntelliJ IDEA 2024.1\jbr\bin\jli.dll
0x00007ff963ff0000 - 0x00007ff9641b8000 	C:\WINDOWS\System32\USER32.dll
0x00007ff962740000 - 0x00007ff962767000 	C:\WINDOWS\System32\win32u.dll
0x00007ff963960000 - 0x00007ff96398a000 	C:\WINDOWS\System32\GDI32.dll
0x00007ff94c460000 - 0x00007ff94c47b000 	D:\App\JetBrains\IntelliJ IDEA 2024.1\jbr\bin\VCRUNTIME140.dll
0x00007ff962160000 - 0x00007ff962285000 	C:\WINDOWS\System32\gdi32full.dll
0x00007ff9620b0000 - 0x00007ff962153000 	C:\WINDOWS\System32\msvcp_win.dll
0x00007ff944290000 - 0x00007ff944520000 	C:\WINDOWS\WinSxS\amd64_microsoft.windows.common-controls_6595b64144ccf1df_6.0.26100.2161_none_3e0cadb0e33078e1\COMCTL32.dll
0x00007ff9631c0000 - 0x00007ff963269000 	C:\WINDOWS\System32\msvcrt.dll
0x00007ff964440000 - 0x00007ff96446f000 	C:\WINDOWS\System32\IMM32.DLL
0x00007ff959330000 - 0x00007ff95933c000 	D:\App\JetBrains\IntelliJ IDEA 2024.1\jbr\bin\vcruntime140_1.dll
0x00007ff90f080000 - 0x00007ff90f10d000 	D:\App\JetBrains\IntelliJ IDEA 2024.1\jbr\bin\msvcp140.dll
0x00007ff8c7230000 - 0x00007ff8c7eb3000 	D:\App\JetBrains\IntelliJ IDEA 2024.1\jbr\bin\server\jvm.dll
0x00007ff963320000 - 0x00007ff9633d4000 	C:\WINDOWS\System32\ADVAPI32.dll
0x00007ff963270000 - 0x00007ff963316000 	C:\WINDOWS\System32\sechost.dll
0x00007ff963cc0000 - 0x00007ff963dd6000 	C:\WINDOWS\System32\RPCRT4.dll
0x00007ff960980000 - 0x00007ff9609ce000 	C:\WINDOWS\SYSTEM32\POWRPROF.dll
0x00007ff9513a0000 - 0x00007ff9513d6000 	C:\WINDOWS\SYSTEM32\WINMM.dll
0x00007ff95dce0000 - 0x00007ff95dcea000 	C:\WINDOWS\SYSTEM32\WSOCK32.dll
0x00007ff964840000 - 0x00007ff9648b4000 	C:\WINDOWS\System32\WS2_32.dll
0x00007ff954e40000 - 0x00007ff954e4b000 	C:\WINDOWS\SYSTEM32\VERSION.dll
0x00007ff960960000 - 0x00007ff960974000 	C:\WINDOWS\SYSTEM32\UMPDC.dll
0x00007ff960c20000 - 0x00007ff960c3a000 	C:\WINDOWS\SYSTEM32\kernel.appcore.dll
0x00007ff94fa40000 - 0x00007ff94fa4a000 	D:\App\JetBrains\IntelliJ IDEA 2024.1\jbr\bin\jimage.dll
0x00007ff95ee00000 - 0x00007ff95f041000 	C:\WINDOWS\SYSTEM32\DBGHELP.DLL
0x00007ff9644c0000 - 0x00007ff96483d000 	C:\WINDOWS\System32\combase.dll
0x00007ff963990000 - 0x00007ff963a66000 	C:\WINDOWS\System32\OLEAUT32.dll
0x00007ff930e90000 - 0x00007ff930ec9000 	C:\WINDOWS\SYSTEM32\dbgcore.DLL
0x00007ff962290000 - 0x00007ff962329000 	C:\WINDOWS\System32\bcryptPrimitives.dll
0x00007ff941eb0000 - 0x00007ff941ed5000 	D:\App\JetBrains\IntelliJ IDEA 2024.1\jbr\bin\java.dll

dbghelp: loaded successfully - version: 4.0.5 - missing functions: none
symbol engine: initialized successfully - sym options: 0x614 - pdb path: .;D:\App\JetBrains\IntelliJ IDEA 2024.1\jbr\bin;C:\WINDOWS\SYSTEM32;C:\WINDOWS\WinSxS\amd64_microsoft.windows.common-controls_6595b64144ccf1df_6.0.26100.2161_none_3e0cadb0e33078e1;D:\App\JetBrains\IntelliJ IDEA 2024.1\jbr\bin\server

VM Arguments:
java_command: git4idea.http.GitAskPassApp Username for 'https://github.com': 
java_class_path (initial): D:/App/JetBrains/IntelliJ IDEA 2024.1/plugins/vcs-git/lib/git4idea-rt.jar;D:/App/JetBrains/IntelliJ IDEA 2024.1/lib/externalProcess-rt.jar
Launcher Type: SUN_STANDARD

[Global flags]
     intx CICompilerCount                          = 4                                         {product} {ergonomic}
     uint ConcGCThreads                            = 2                                         {product} {ergonomic}
     uint G1ConcRefinementThreads                  = 8                                         {product} {ergonomic}
   size_t G1HeapRegionSize                         = 2097152                                   {product} {ergonomic}
    uintx GCDrainStackTargetSize                   = 64                                        {product} {ergonomic}
   size_t InitialHeapSize                          = 266338304                                 {product} {ergonomic}
   size_t MarkStackSize                            = 4194304                                   {product} {ergonomic}
   size_t MaxHeapSize                              = 4253024256                                {product} {ergonomic}
   size_t MinHeapDeltaBytes                        = 2097152                                   {product} {ergonomic}
   size_t MinHeapSize                              = 8388608                                   {product} {ergonomic}
    uintx NonNMethodCodeHeapSize                   = 5839372                                {pd product} {ergonomic}
    uintx NonProfiledCodeHeapSize                  = 122909434                              {pd product} {ergonomic}
    uintx ProfiledCodeHeapSize                     = 122909434                              {pd product} {ergonomic}
    uintx ReservedCodeCacheSize                    = 251658240                              {pd product} {ergonomic}
     bool SegmentedCodeCache                       = true                                      {product} {ergonomic}
   size_t SoftMaxHeapSize                          = 4253024256                             {manageable} {ergonomic}
     bool UseCompressedClassPointers               = true                           {product lp64_product} {ergonomic}
     bool UseCompressedOops                        = true                           {product lp64_product} {ergonomic}
     bool UseG1GC                                  = true                                      {product} {ergonomic}
     bool UseLargePagesIndividualAllocation        = false                                  {pd product} {ergonomic}

Logging:
Log output configuration:
 #0: stdout all=warning uptime,level,tags
 #1: stderr all=off uptime,level,tags

Environment Variables:
PATH=C:\Program Files\Git\mingw64\libexec\git-core;C:\Program Files\Git\mingw64\libexec\git-core;C:\Program Files\Git\mingw64\bin;C:\Program Files\Git\usr\bin;C:\Users\ADMIN\bin;C:\Program Files (x86)\Common Files\Intel\Shared Libraries\redist\intel64\compiler;C:\Program Files (x86)\Common Files\Intel\Shared Libraries\redist\ia32\compiler;D:\Workspace\SourceCode\CSDL\App\bin;C:\Program Files\Java\jdk-22\bin;C:\Program Files\Common Files\Oracle\Java\javapath;C:\Program Files (x86)\Common Files\Oracle\Java\javapath;C:\ProgramData\Oracle\Java\javapath;C:\Windows\system32;C:\Windows;C:\Windows\System32\Wbem;C:\Windows\System32\WindowsPowerShell\v1.0;C:\Windows\System32\OpenSSH;C:\Program Files (x86)\NVIDIA Corporation\PhysX\Common;C:\Program Files\dotnet;C:\WINDOWS\system32;C:\WINDOWS;C:\WINDOWS\System32\Wbem;C:\WINDOWS\System32\WindowsPowerShell\v1.0;C:\WINDOWS\System32\OpenSSH;C:\Program Files\NVIDIA Corporation\NVIDIA NvDLISR;C:\MinGW\bin;C:\Program Files\Git\cmd;C:\Program Files\nodejs;C:\Program Files\MySQL\MySQL Server 8.0\bin;D:\App\apache-maven-3.9.6\bin;C:\phpServer\php-8.3.4;C:\Program Files (x86)\VietPN;C:\Program Files\Docker\Docker\resources\bin;C:\Program Files\Cloudflare\Cloudflare WARP;C:\Users\ADMIN\.console-ninja\.bin;C:\Users\ADMIN\AppData\Local\Programs\Python\Launcher;C:\Users\ADMIN\AppData\Local\Microsoft\WindowsApps;C:\Users\ADMIN\AppData\Local\Programs\Microsoft VS Code\bin;C:\Program Files (x86)\Embarcadero\Dev-Cpp\TDM-GCC-64\bin;C:\Users\ADMIN\AppData\Roaming\npm;C:\Program Files\heroku\bin;D:\App\JetBrains\IntelliJ IDEA 2024.1\bin;C:\Users\ADMIN\AppData\Local\Programs\oh-my-posh\bin;C:\Users\ADMIN\AppData\Local\Microsoft\WindowsApps
USERNAME=ADMIN
DISPLAY=:0.0
LC_ALL=en_US.UTF-8
TERM=xterm-256color
TMPDIR=C:\Users\ADMIN\AppData\Local\Temp
OS=Windows_NT
PROCESSOR_IDENTIFIER=Intel64 Family 6 Model 165 Stepping 2, GenuineIntel
TMP=C:\Users\ADMIN\AppData\Local\Temp
TEMP=C:\Users\ADMIN\AppData\Local\Temp



Periodic native trim disabled

JNI global refs:
JNI global refs: 0, weak refs: 0

JNI global refs memory usage: 0, weak refs: 0

Process memory usage:
Resident Set Size: 12632K (0% of 16610312K total physical memory with 1898204K free physical memory)

OOME stack traces (most recent first):
Classloader memory used:


---------------  S Y S T E M  ---------------

OS:
 Windows 11 , 64 bit Build 26100 (10.0.26100.2161)
OS uptime: 3 days 15:23 hours
Hyper-V role detected

CPU: total 8 (initial active 8) (4 cores per cpu, 2 threads per core) family 6 model 165 stepping 2 microcode 0xe0, cx8, cmov, fxsr, ht, mmx, 3dnowpref, sse, sse2, sse3, ssse3, sse4.1, sse4.2, popcnt, lzcnt, tsc, tscinvbit, avx, avx2, aes, erms, clmul, bmi1, bmi2, adx, fma, vzeroupper, clflush, clflushopt, hv
Processor Information for all 8 processors :
  Max Mhz: 2496, Current Mhz: 2496, Mhz Limit: 2496

Memory: 4k page, system-wide physical 16221M (1853M free)
TotalPageFile size 41820M (AvailPageFile size 41M)
current process WorkingSet (physical memory assigned to process): 12M, peak: 12M
current process commit charge ("private bytes"): 52M, peak: 53M

vm_info: OpenJDK 64-Bit Server VM (17.0.11+1-b1207.24) for windows-amd64 JRE (17.0.11+1-b1207.24), built on 2024-05-15 by "builduser" with MS VC++ 16.10 / 16.11 (VS2019)

END.
